<?xml version="1.0" encoding="UTF-8"?>
<testsuite name="JUnit Jupiter" tests="0" skipped="0" failures="0" errors="0" time="0.006" hostname="Na-Mac.local" timestamp="2018-10-22T18:45:28">
<properties>
<property name="awt.toolkit" value="sun.lwawt.macosx.LWCToolkit"/>
<property name="file.encoding" value="UTF-8"/>
<property name="file.encoding.pkg" value="sun.io"/>
<property name="file.separator" value="/"/>
<property name="ftp.nonProxyHosts" value="local|*.local|169.254/16|*.169.254/16"/>
<property name="gopherProxySet" value="false"/>
<property name="http.nonProxyHosts" value="local|*.local|169.254/16|*.169.254/16"/>
<property name="java.awt.graphicsenv" value="sun.awt.CGraphicsEnvironment"/>
<property name="java.awt.printerjob" value="sun.lwawt.macosx.CPrinterJob"/>
<property name="java.class.path" value="/Users/na/IdeaProjects/CodingInterview/build/classes/java/test:/Users/na/IdeaProjects/CodingInterview/build/resources/test:/Users/na/IdeaProjects/CodingInterview/build/classes/java/main:/Users/na/IdeaProjects/CodingInterview/build/resources/main:/Users/na/.gradle/caches/modules-2/files-2.1/org.junit.jupiter/junit-jupiter-engine/5.3.1/e2676b1786c57a80eb98f5bebd51a3d05e228c40/junit-jupiter-engine-5.3.1.jar:/Users/na/.gradle/caches/modules-2/files-2.1/org.junit.jupiter/junit-jupiter-api/5.3.1/a7e97eac2784395cb991403f9641b042ad972941/junit-jupiter-api-5.3.1.jar:/Users/na/.gradle/caches/modules-2/files-2.1/junit/junit/4.12/2973d150c0dc1fefe998f834810d68f278ea58ec/junit-4.12.jar:/Users/na/.gradle/caches/modules-2/files-2.1/org.assertj/assertj-core/3.11.1/fdac3217b804d6900fa3650f17b5cb48e620b140/assertj-core-3.11.1.jar:/Users/na/.gradle/caches/modules-2/files-2.1/org.junit.platform/junit-platform-engine/1.3.1/3ee68a06bbdab157dd260e2095c356481d6cd172/junit-platform-engine-1.3.1.jar:/Users/na/.gradle/caches/modules-2/files-2.1/org.junit.platform/junit-platform-commons/1.3.1/67b7edddfac1935e6e6d9b58d7c7df6db59b1d39/junit-platform-commons-1.3.1.jar:/Users/na/.gradle/caches/modules-2/files-2.1/org.apiguardian/apiguardian-api/1.0.0/3ef5276905e36f4d8055fe3cb0bdcc7503ffc85d/apiguardian-api-1.0.0.jar:/Users/na/.gradle/caches/modules-2/files-2.1/org.opentest4j/opentest4j/1.1.1/efd9f971e91074491ea55b19f67b13470cf4fcdd/opentest4j-1.1.1.jar:/Users/na/.gradle/caches/modules-2/files-2.1/org.hamcrest/hamcrest-core/1.3/42a25dc3219429f0e5d060061f71acb49bf010a0/hamcrest-core-1.3.jar:/Users/na/.gradle/caches/modules-2/files-2.1/org.junit.platform/junit-platform-console/1.0.0/2931079616796bc4537f7e3c236f8fdfe7e51237/junit-platform-console-1.0.0.jar:/Users/na/.gradle/caches/modules-2/files-2.1/org.junit.platform/junit-platform-launcher/1.0.0/5602a195a442636276efefce2a4c7b418cd67e5c/junit-platform-launcher-1.0.0.jar:/Users/na/.gradle/caches/modules-2/files-2.1/org.junit.platform/junit-platform-engine/1.0.0/fdc6f63a689b894529ea5e9e218b65422748fd/junit-platform-engine-1.0.0.jar:/Users/na/.gradle/caches/modules-2/files-2.1/org.junit.platform/junit-platform-commons/1.0.0/d2e03d9b21020746d48fe45834ff7d71fbcbd7b2/junit-platform-commons-1.0.0.jar:/Users/na/.gradle/caches/modules-2/files-2.1/org.opentest4j/opentest4j/1.0.0/6f09c598e9ff64bf0ce2fa7e7de49a99ba83c0b4/opentest4j-1.0.0.jar"/>
<property name="java.class.version" value="54.0"/>
<property name="java.home" value="/Library/Java/JavaVirtualMachines/jdk-10.0.1.jdk/Contents/Home"/>
<property name="java.io.tmpdir" value="/var/folders/bl/jxx1j_wx5810605q9n3cfrtc0000gn/T/"/>
<property name="java.library.path" value="/Users/na/Library/Java/Extensions:/Library/Java/Extensions:/Network/Library/Java/Extensions:/System/Library/Java/Extensions:/usr/lib/java:."/>
<property name="java.runtime.name" value="Java(TM) SE Runtime Environment"/>
<property name="java.runtime.version" value="10.0.1+10"/>
<property name="java.specification.name" value="Java Platform API Specification"/>
<property name="java.specification.vendor" value="Oracle Corporation"/>
<property name="java.specification.version" value="10"/>
<property name="java.vendor" value="Oracle Corporation"/>
<property name="java.vendor.url" value="http://java.oracle.com/"/>
<property name="java.vendor.url.bug" value="http://bugreport.java.com/bugreport/"/>
<property name="java.vendor.version" value="18.3"/>
<property name="java.version" value="10.0.1"/>
<property name="java.version.date" value="2018-04-17"/>
<property name="java.vm.compressedOopsMode" value="Zero based"/>
<property name="java.vm.info" value="mixed mode"/>
<property name="java.vm.name" value="Java HotSpot(TM) 64-Bit Server VM"/>
<property name="java.vm.specification.name" value="Java Virtual Machine Specification"/>
<property name="java.vm.specification.vendor" value="Oracle Corporation"/>
<property name="java.vm.specification.version" value="10"/>
<property name="java.vm.vendor" value="&quot;Oracle Corporation&quot;"/>
<property name="java.vm.version" value="10.0.1+10"/>
<property name="jdk.debug" value="release"/>
<property name="line.separator" value="
"/>
<property name="os.arch" value="x86_64"/>
<property name="os.name" value="Mac OS X"/>
<property name="os.version" value="10.14"/>
<property name="path.separator" value=":"/>
<property name="socksNonProxyHosts" value="local|*.local|169.254/16|*.169.254/16"/>
<property name="sun.arch.data.model" value="64"/>
<property name="sun.boot.library.path" value="/Library/Java/JavaVirtualMachines/jdk-10.0.1.jdk/Contents/Home/lib"/>
<property name="sun.cpu.endian" value="little"/>
<property name="sun.cpu.isalist" value=""/>
<property name="sun.io.unicode.encoding" value="UnicodeBig"/>
<property name="sun.java.command" value="org.junit.platform.console.ConsoleLauncher --details NONE --scan-class-path /Users/na/IdeaProjects/CodingInterview/build/classes/java/main:/Users/na/IdeaProjects/CodingInterview/build/resources/main:/Users/na/IdeaProjects/CodingInterview/build/classes/java/test:/Users/na/IdeaProjects/CodingInterview/build/resources/test -n ^.*Tests?$ --reports-dir /Users/na/IdeaProjects/CodingInterview/build/test-results/junit-platform"/>
<property name="sun.java.launcher" value="SUN_STANDARD"/>
<property name="sun.jnu.encoding" value="UTF-8"/>
<property name="sun.management.compiler" value="HotSpot 64-Bit Tiered Compilers"/>
<property name="sun.os.patch.level" value="unknown"/>
<property name="user.country" value="KR"/>
<property name="user.dir" value="/Users/na/IdeaProjects/CodingInterview"/>
<property name="user.home" value="/Users/na"/>
<property name="user.language" value="en"/>
<property name="user.name" value="na"/>
<property name="user.timezone" value="Asia/Seoul"/>
<property name="user.variant" value=""/>
</properties>
<system-out><![CDATA[
unique-id: [engine:junit-jupiter]
display-name: JUnit Jupiter
]]></system-out>
</testsuite>
